<?xml version="1.0" encoding="UTF-8"?>
<!-- Generated by org.testng.reporters.JUnitXMLReporter -->
<testsuite ignored="0" hostname="evgeniy-Lenovo-ideapad-330-15IKB" failures="2" tests="3" name="Surefire test" time="64.243" errors="0" timestamp="2022-05-03T17:10:04 SAMT">
  <testcase classname="MainPageTest" name="checkRegisterButton" time="2.482"/>
  <testcase classname="MainPageTest" name="emptyFormRegistationTest" time="2.707">
    <failure type="org.junit.ComparisonFailure" message="expected:&amp;lt;The Confirm password[rrr] field is mandatory.&amp;gt; but was:&amp;lt;The Confirm password[] field is mandatory.&amp;gt;">
      <![CDATA[org.junit.ComparisonFailure: expected:<The Confirm password[rrr] field is mandatory.> but was:<The Confirm password[] field is mandatory.>
at org.junit.Assert.assertEquals(Assert.java:117)
at org.junit.Assert.assertEquals(Assert.java:146)
at MainPageTest.emptyFormRegistationTest(MainPageTest.java:58)
at java.base/java.util.ArrayList.forEach(ArrayList.java:1541)
... Removed 31 stack frames]]>
    </failure>
  </testcase> <!-- emptyFormRegistationTest -->
  <testcase classname="MainPageTest" name="possitiveRegistrationTest" time="6.796">
    <failure type="org.junit.ComparisonFailure" message="expected:&amp;lt;[Successfully registered]&amp;gt; but was:&amp;lt;[Register for a new account]&amp;gt;">
      <![CDATA[org.junit.ComparisonFailure: expected:<[Successfully registered]> but was:<[Register for a new account]>
at org.junit.Assert.assertEquals(Assert.java:117)
at org.junit.Assert.assertEquals(Assert.java:146)
at MainPageTest.possitiveRegistrationTest(MainPageTest.java:40)
at java.base/java.util.ArrayList.forEach(ArrayList.java:1541)
... Removed 31 stack frames]]>
    </failure>
  </testcase> <!-- possitiveRegistrationTest -->
</testsuite> <!-- Surefire test -->
